<?xml version="1.0" encoding="UTF-8"?>
<!-- Generated by org.testng.reporters.JUnitReportReporter -->
<testsuite hostname="PavithraSubburaj" failures="0" tests="1"
	name="testrunner.runner" time="-1740181632.000" errors="1"
	timestamp="2025-02-21T17:46:04 CST" skipped="0">
	<testcase classname="testrunner.runner" name="defineBrowser"
		time="-1740181632.000">
		<error
			message="
Parameter &#039;browsertype&#039; is required by BeforeTest on method defineBrowser but has not been marked @Optional or defined
in C:\Users\pavit\AppData\Local\Temp\testng-eclipse--2068367218\testng-customsuite.xml"
			type="org.testng.TestNGException">
      <![CDATA[org.testng.TestNGException: 
Parameter 'browsertype' is required by BeforeTest on method defineBrowser but has not been marked @Optional or defined
in C:\Users\pavit\AppData\Local\Temp\testng-eclipse--2068367218\testng-customsuite.xml
at org.testng.internal.Parameters.createParams(Parameters.java:264)
at org.testng.internal.Parameters.createParametersForMethod(Parameters.java:352)
at org.testng.internal.Parameters.createParameters(Parameters.java:690)
at org.testng.internal.Parameters.createConfigurationParameters(Parameters.java:163)
at org.testng.internal.invokers.ConfigInvoker.invokeConfigurations(ConfigInvoker.java:313)
at org.testng.TestRunner.invokeTestConfigurations(TestRunner.java:655)
at org.testng.TestRunner.beforeRun(TestRunner.java:644)
at org.testng.TestRunner.run(TestRunner.java:610)
at org.testng.SuiteRunner.runTest(SuiteRunner.java:421)
at org.testng.SuiteRunner.runSequentially(SuiteRunner.java:413)
at org.testng.SuiteRunner.privateRun(SuiteRunner.java:373)
at org.testng.SuiteRunner.run(SuiteRunner.java:312)
at org.testng.SuiteRunnerWorker.runSuite(SuiteRunnerWorker.java:52)
at org.testng.SuiteRunnerWorker.run(SuiteRunnerWorker.java:95)
at org.testng.TestNG.runSuitesSequentially(TestNG.java:1274)
at org.testng.TestNG.runSuitesLocally(TestNG.java:1208)
at org.testng.TestNG.runSuites(TestNG.java:1112)
at org.testng.TestNG.run(TestNG.java:1079)
at org.testng.remote.AbstractRemoteTestNG.run(AbstractRemoteTestNG.java:115)
at org.testng.remote.RemoteTestNG.initAndRun(RemoteTestNG.java:293)
at org.testng.remote.RemoteTestNG.main(RemoteTestNG.java:91)
]]>
    </error>
	</testcase> <!--
	defineBrowser -->
</testsuite> <!--
testrunner.runner -->
